<?xml version="1.0" encoding="UTF-8" ?>
<testsuites id="2025-12-09" name="report_1" tests="15" failures="0" skipped="0" flaky="0" time="0.000">
	<testsuite id="0" name="Test_InventoryData" package="inventory" timestamp="2025-12-09T20:43:53" hostname="localhost" tests="3" failures="0" errors="0" skipped="0" flaky="0" time="0.091">
		<testcase name="test_serde_restores_size" classname="Test_InventoryData" time="0.007">
		</testcase>
		<testcase name="test_serde_restores_items" classname="Test_InventoryData" time="0.018">
		</testcase>
		<testcase name="test_serde_restores_counts" classname="Test_InventoryData" time="0.012">
		</testcase>
	</testsuite>
	<testsuite id="1" name="Test_InventoryComponent" package="inventory" timestamp="2025-12-09T20:43:53" hostname="localhost" tests="9" failures="0" errors="0" skipped="0" flaky="0" time="0.296">
		<testcase name="test_new_inventory_is_empty" classname="Test_InventoryComponent" time="0.018">
		</testcase>
		<testcase name="test_new_inventory_does_not_have_item" classname="Test_InventoryComponent" time="0.018">
		</testcase>
		<testcase name="test_inventory_contains_added_item_data" classname="Test_InventoryComponent" time="0.018">
		</testcase>
		<testcase name="test_add_non_stackable_item_increases_size" classname="Test_InventoryComponent" time="0.019">
		</testcase>
		<testcase name="test_add_stackable_item_creates_stack" classname="Test_InventoryComponent" time="0.018">
		</testcase>
		<testcase name="test_add_stackable_item_increases_count" classname="Test_InventoryComponent" time="0.018">
		</testcase>
		<testcase name="test_remove_stackable_item_decreases_size" classname="Test_InventoryComponent" time="0.018">
		</testcase>
		<testcase name="test_remove_stackable_item_decreases_count" classname="Test_InventoryComponent" time="0.018">
		</testcase>
		<testcase name="test_remove_non_stackable_item_decreases_size" classname="Test_InventoryComponent" time="0.018">
		</testcase>
	</testsuite>
	<testsuite id="2" name="Test_ItemData" package="itemization" timestamp="2025-12-09T20:43:54" hostname="localhost" tests="3" failures="0" errors="0" skipped="0" flaky="0" time="0.107">
		<testcase name="test_resource_initialization" classname="Test_ItemData" time="0.022">
		</testcase>
		<testcase name="test_different_objects_are_not_same" classname="Test_ItemData" time="0.012">
		</testcase>
		<testcase name="test_serde" classname="Test_ItemData" time="0.019">
		</testcase>
	</testsuite>
</testsuites>
